	.text
	.file	"factorial"
	.globl	julia_factorial_1153            # -- Begin function julia_factorial_1153
	.p2align	4, 0x90
	.type	julia_factorial_1153,@function
julia_factorial_1153:                   # @julia_factorial_1153
; ┌ @ none:1 within `factorial`
	.cfi_startproc
# %bb.0:                                # %top
	pushq	%rbp
	.cfi_def_cfa_offset 16
	.cfi_offset %rbp, -16
	movq	%rsp, %rbp
	.cfi_def_cfa_register %rbp
	movl	$3628800, %eax                  # imm = 0x375F00
	popq	%rbp
	.cfi_def_cfa %rsp, 8
	retq
.Lfunc_end0:
	.size	julia_factorial_1153, .Lfunc_end0-julia_factorial_1153
	.cfi_endproc
; └
                                        # -- End function
	.section	".note.GNU-stack","",@progbits
